This is LuaHBTeX, Version 1.17.0 (TeX Live 2023)  (format=lualatex 2023.11.6)  3 DEC 2023 10:05
 restricted system commands enabled.
 file:line:error style messages enabled.
**REVIEW_01.tex
(./REVIEW_01.tex
LaTeX2e <2023-11-01>
L3 programming layer <2023-11-01>
Lua module: luaotfload 2023-08-31 3.26 Lua based OpenType font support
Lua module: lualibs 2023-07-13 2.76 ConTeXt Lua standard libraries.
Lua module: lualibs-extended 2023-07-13 2.76 ConTeXt Lua libraries -- extended collection.
luaotfload | conf : Root cache directory is "/Users/lucas/Library/TinyTeX/texmf-var/luatex-cache/generic/names".
luaotfload | init : Loading fontloader "fontloader-2023-08-19.lua" from kpse-resolved path "/Users/lucas/Library/TinyTeX/texmf-dist/tex/luatex/luaotfload/fontloader-2023-08-19.lua".
Lua-only attribute luaotfload@noligature = 1
luaotfload | init : Context OpenType loader version 3.133
Inserting `luaotfload.node_processor' in `pre_linebreak_filter'.
Inserting `luaotfload.node_processor' in `hpack_filter'.
Inserting `luaotfload.glyph_stream' in `glyph_stream_provider'.
Inserting `luaotfload.define_font' in `define_font'.
Lua-only attribute luaotfload_color_attribute = 2
luaotfload | conf : Root cache directory is "/Users/lucas/Library/TinyTeX/texmf-var/luatex-cache/generic/names".
Inserting `luaotfload.harf.strip_prefix' in `find_opentype_file'.
Inserting `luaotfload.harf.strip_prefix' in `find_truetype_file'.
Removing  `luaotfload.glyph_stream' from `glyph_stream_provider'.
Inserting `luaotfload.harf.glyphstream' in `glyph_stream_provider'.
Inserting `luaotfload.harf.finalize_vlist' in `post_linebreak_filter'.
Inserting `luaotfload.harf.finalize_hlist' in `hpack_filter'.
Inserting `luaotfload.cleanup_files' in `wrapup_run'.
Inserting `luaotfload.harf.finalize_unicode' in `finish_pdffile'.
Inserting `luaotfload.glyphinfo' in `glyph_info'.
Lua-only attribute luaotfload.letterspace_done = 3
Inserting `luaotfload.aux.set_sscale_dimens' in `luaotfload.patch_font'.
Inserting `luaotfload.aux.set_font_index' in `luaotfload.patch_font'.
Inserting `luaotfload.aux.patch_cambria_domh' in `luaotfload.patch_font'.
Inserting `luaotfload.aux.fixup_fontdata' in `luaotfload.patch_font_unsafe'.
Inserting `luaotfload.aux.set_capheight' in `luaotfload.patch_font'.
Inserting `luaotfload.aux.set_xheight' in `luaotfload.patch_font'.
Inserting `luaotfload.rewrite_fontname' in `luaotfload.patch_font'.
Inserting `tracingstacklevels' in `input_level_string'. (/Users/lucas/Library/TinyTeX/texmf-dist/tex/latex/base/article.cls
Document Class: article 2023/05/17 v1.4n Standard LaTeX document class
(/Users/lucas/Library/TinyTeX/texmf-dist/tex/latex/base/size10.clo
File: size10.clo 2023/05/17 v1.4n Standard LaTeX file (size option)
luaotfload | db : Font names database loaded from /Users/lucas/Library/TinyTeX/texmf-var/luatex-cache/generic/names/luaotfload-names.luc.gz)
\c@part=\count184
\c@section=\count185
\c@subsection=\count186
\c@subsubsection=\count187
\c@paragraph=\count188
\c@subparagraph=\count189
\c@figure=\count190
\c@table=\count191
\abovecaptionskip=\skip48
\belowcaptionskip=\skip49
\bibindent=\dimen139
) (/Users/lucas/Library/TinyTeX/texmf-dist/tex/latex/geometry/geometry.sty
Package: geometry 2020/01/02 v5.9 Page Geometry
 (/Users/lucas/Library/TinyTeX/texmf-dist/tex/latex/graphics/keyval.sty
Package: keyval 2022/05/29 v1.15 key=value parser (DPC)
\KV@toks@=\toks17
) (/Users/lucas/Library/TinyTeX/texmf-dist/tex/generic/iftex/ifvtex.sty
Package: ifvtex 2019/10/25 v1.7 ifvtex legacy package. Use iftex instead.
 (/Users/lucas/Library/TinyTeX/texmf-dist/tex/generic/iftex/iftex.sty
Package: iftex 2022/02/03 v1.0f TeX engine tests
))
\Gm@cnth=\count192
\Gm@cntv=\count193
\c@Gm@tempcnt=\count194
\Gm@bindingoffset=\dimen140
\Gm@wd@mp=\dimen141
\Gm@odd@mp=\dimen142
\Gm@even@mp=\dimen143
\Gm@layoutwidth=\dimen144
\Gm@layoutheight=\dimen145
\Gm@layouthoffset=\dimen146
\Gm@layoutvoffset=\dimen147
\Gm@dimlist=\toks18
) (/Users/lucas/Library/TinyTeX/texmf-dist/tex/latex/amsmath/amsmath.sty
Package: amsmath 2023/05/13 v2.17o AMS math features
\@mathmargin=\skip50

For additional information on amsmath, use the `?' option.
(/Users/lucas/Library/TinyTeX/texmf-dist/tex/latex/amsmath/amstext.sty
Package: amstext 2021/08/26 v2.01 AMS text
 (/Users/lucas/Library/TinyTeX/texmf-dist/tex/latex/amsmath/amsgen.sty
File: amsgen.sty 1999/11/30 v2.0 generic functions
\@emptytoks=\toks19
\ex@=\dimen148
)) (/Users/lucas/Library/TinyTeX/texmf-dist/tex/latex/amsmath/amsbsy.sty
Package: amsbsy 1999/11/29 v1.2d Bold Symbols
\pmbraise@=\dimen149
) (/Users/lucas/Library/TinyTeX/texmf-dist/tex/latex/amsmath/amsopn.sty
Package: amsopn 2022/04/08 v2.04 operator names
)
\inf@bad=\count195
LaTeX Info: Redefining \frac on input line 236.
\uproot@=\count196
\leftroot@=\count197
LaTeX Info: Redefining \overline on input line 399.
LaTeX Info: Redefining \colon on input line 410.
\classnum@=\count198
\DOTSCASE@=\count199
LaTeX Info: Redefining \ldots on input line 496.
LaTeX Info: Redefining \dots on input line 499.
LaTeX Info: Redefining \cdots on input line 620.
\Mathstrutbox@=\box51
\strutbox@=\box52
LaTeX Info: Redefining \big on input line 722.
LaTeX Info: Redefining \Big on input line 723.
LaTeX Info: Redefining \bigg on input line 724.
LaTeX Info: Redefining \Bigg on input line 725.
\big@size=\dimen150
LaTeX Font Info:    Redeclaring font encoding OML on input line 743.
LaTeX Font Info:    Redeclaring font encoding OMS on input line 744.
\macc@depth=\count266
LaTeX Info: Redefining \bmod on input line 905.
LaTeX Info: Redefining \pmod on input line 910.
LaTeX Info: Redefining \smash on input line 940.
LaTeX Info: Redefining \relbar on input line 970.
LaTeX Info: Redefining \Relbar on input line 971.
\c@MaxMatrixCols=\count267
\dotsspace@=\muskip16
\c@parentequation=\count268
\dspbrk@lvl=\count269
\tag@help=\toks20
\row@=\count270
\column@=\count271
\maxfields@=\count272
\andhelp@=\toks21
\eqnshift@=\dimen151
\alignsep@=\dimen152
\tagshift@=\dimen153
\tagwidth@=\dimen154
\totwidth@=\dimen155
\lineht@=\dimen156
\@envbody=\toks22
\multlinegap=\skip51
\multlinetaggap=\skip52
\mathdisplay@stack=\toks23
LaTeX Info: Redefining \[ on input line 2953.
LaTeX Info: Redefining \] on input line 2954.
) (/Users/lucas/Library/TinyTeX/texmf-dist/tex/latex/amsfonts/amssymb.sty
Package: amssymb 2013/01/14 v3.01 AMS font symbols
 (/Users/lucas/Library/TinyTeX/texmf-dist/tex/latex/amsfonts/amsfonts.sty
Package: amsfonts 2013/01/14 v3.01 Basic AMSFonts support
\symAMSa=\mathgroup4
\symAMSb=\mathgroup5
LaTeX Font Info:    Redeclaring math symbol \hbar on input line 98.
LaTeX Font Info:    Overwriting math alphabet `\mathfrak' in version `bold'
(Font)                  U/euf/m/n --> U/euf/b/n on input line 106.
)) (/Users/lucas/Library/TinyTeX/texmf-dist/tex/latex/graphics/graphicx.sty
Package: graphicx 2021/09/16 v1.2d Enhanced LaTeX Graphics (DPC,SPQR)
 (/Users/lucas/Library/TinyTeX/texmf-dist/tex/latex/graphics/graphics.sty
Package: graphics 2022/03/10 v1.4e Standard LaTeX Graphics (DPC,SPQR)
 (/Users/lucas/Library/TinyTeX/texmf-dist/tex/latex/graphics/trig.sty
Package: trig 2021/08/11 v1.11 sin cos tan (DPC)
) (/Users/lucas/Library/TinyTeX/texmf-dist/tex/latex/graphics-cfg/graphics.cfg
File: graphics.cfg 2016/06/04 v1.11 sample graphics configuration
)
Package graphics Info: Driver file: luatex.def on input line 107.
 (/Users/lucas/Library/TinyTeX/texmf-dist/tex/latex/graphics-def/luatex.def
File: luatex.def 2022/09/22 v1.2d Graphics/color driver for luatex
))
\Gin@req@height=\dimen157
\Gin@req@width=\dimen158
) (/Users/lucas/Library/TinyTeX/texmf-dist/tex/latex/unicode-math/unicode-math.sty (/Users/lucas/Library/TinyTeX/texmf-dist/tex/latex/l3kernel/expl3.sty
Package: expl3 2023-11-01 L3 programming layer (loader) 
 (/Users/lucas/Library/TinyTeX/texmf-dist/tex/latex/l3backend/l3backend-luatex.def
File: l3backend-luatex.def 2023-10-23 L3 backend support: PDF output (LuaTeX)
\l__color_backend_stack_int=\count273
Inserting `l3color' in `luaotfload.parse_color'.
\l__pdf_internal_box=\box53
))
Package: unicode-math 2023/08/13 v0.8r Unicode maths in XeLaTeX and LuaLaTeX
 (/Users/lucas/Library/TinyTeX/texmf-dist/tex/latex/unicode-math/unicode-math-luatex.sty
Package: unicode-math-luatex 2023/08/13 v0.8r Unicode maths in XeLaTeX and LuaLaTeX
 (/Users/lucas/Library/TinyTeX/texmf-dist/tex/latex/l3packages/xparse/xparse.sty
Package: xparse 2023-10-10 L3 Experimental document command parser
) (/Users/lucas/Library/TinyTeX/texmf-dist/tex/latex/l3packages/l3keys2e/l3keys2e.sty
Package: l3keys2e 2023-10-10 LaTeX2e option processing using LaTeX3 keys
) (/Users/lucas/Library/TinyTeX/texmf-dist/tex/latex/fontspec/fontspec.sty
Package: fontspec 2022/01/15 v2.8a Font selection for XeLaTeX and LuaLaTeX
Lua module: fontspec 2022/01/15 2.8a Font selection for XeLaTeX and LuaLaTeX (/Users/lucas/Library/TinyTeX/texmf-dist/tex/latex/fontspec/fontspec-luatex.sty
Package: fontspec-luatex 2022/01/15 v2.8a Font selection for XeLaTeX and LuaLaTeX
\l__fontspec_script_int=\count274
\l__fontspec_language_int=\count275
\l__fontspec_strnum_int=\count276
\l__fontspec_tmp_int=\count277
\l__fontspec_tmpa_int=\count278
\l__fontspec_tmpb_int=\count279
\l__fontspec_tmpc_int=\count280
\l__fontspec_em_int=\count281
\l__fontspec_emdef_int=\count282
\l__fontspec_strong_int=\count283
\l__fontspec_strongdef_int=\count284
\l__fontspec_tmpa_dim=\dimen159
\l__fontspec_tmpb_dim=\dimen160
\l__fontspec_tmpc_dim=\dimen161
 (/Users/lucas/Library/TinyTeX/texmf-dist/tex/latex/base/fontenc.sty
Package: fontenc 2021/04/29 v2.0v Standard LaTeX package
) (/Users/lucas/Library/TinyTeX/texmf-dist/tex/latex/fontspec/fontspec.cfg))) (/Users/lucas/Library/TinyTeX/texmf-dist/tex/latex/base/fix-cm.sty
Package: fix-cm 2020/11/24 v1.1t fixes to LaTeX
 (/Users/lucas/Library/TinyTeX/texmf-dist/tex/latex/base/ts1enc.def
File: ts1enc.def 2001/06/05 v3.0e (jk/car/fm) Standard LaTeX file
LaTeX Font Info:    Redeclaring font encoding TS1 on input line 47.
)) (/Users/lucas/Library/TinyTeX/texmf-dist/tex/lualatex/lualatex-math/lualatex-math.sty
Package: lualatex-math 2022/01/01 v1.12 Patches for mathematics typesetting with LuaLaTeX
 (/Users/lucas/Library/TinyTeX/texmf-dist/tex/latex/etoolbox/etoolbox.sty
Package: etoolbox 2020/10/05 v2.5k e-TeX tools for LaTeX (JAW)
\etb@tempcnta=\count285
)
Lua module: lualatex-math 2013/08/03 1.3 Patches for mathematics typesetting with LuaLaTeX)
\g__um_fam_int=\count286
\g__um_fonts_used_int=\count287
\l__um_primecount_int=\count288
\g__um_primekern_muskip=\muskip17
 (/Users/lucas/Library/TinyTeX/texmf-dist/tex/latex/unicode-math/unicode-math-table.tex))) (/Users/lucas/Library/TinyTeX/texmf-dist/tex/latex/lm/lmodern.sty
Package: lmodern 2015/05/01 v1.6.1 Latin Modern Fonts
LaTeX Font Info:    Overwriting symbol font `operators' in version `normal'
(Font)                  OT1/cmr/m/n --> OT1/lmr/m/n on input line 22.
LaTeX Font Info:    Overwriting symbol font `letters' in version `normal'
(Font)                  OML/cmm/m/it --> OML/lmm/m/it on input line 23.
LaTeX Font Info:    Overwriting symbol font `symbols' in version `normal'
(Font)                  OMS/cmsy/m/n --> OMS/lmsy/m/n on input line 24.
LaTeX Font Info:    Overwriting symbol font `largesymbols' in version `normal'
(Font)                  OMX/cmex/m/n --> OMX/lmex/m/n on input line 25.
LaTeX Font Info:    Overwriting symbol font `operators' in version `bold'
(Font)                  OT1/cmr/bx/n --> OT1/lmr/bx/n on input line 26.
LaTeX Font Info:    Overwriting symbol font `letters' in version `bold'
(Font)                  OML/cmm/b/it --> OML/lmm/b/it on input line 27.
LaTeX Font Info:    Overwriting symbol font `symbols' in version `bold'
(Font)                  OMS/cmsy/b/n --> OMS/lmsy/b/n on input line 28.
LaTeX Font Info:    Overwriting symbol font `largesymbols' in version `bold'
(Font)                  OMX/cmex/m/n --> OMX/lmex/m/n on input line 29.
LaTeX Font Info:    Overwriting math alphabet `\mathbf' in version `normal'
(Font)                  OT1/cmr/bx/n --> OT1/lmr/bx/n on input line 31.
LaTeX Font Info:    Overwriting math alphabet `\mathsf' in version `normal'
(Font)                  OT1/cmss/m/n --> OT1/lmss/m/n on input line 32.
LaTeX Font Info:    Overwriting math alphabet `\mathit' in version `normal'
(Font)                  OT1/cmr/m/it --> OT1/lmr/m/it on input line 33.
LaTeX Font Info:    Overwriting math alphabet `\mathtt' in version `normal'
(Font)                  OT1/cmtt/m/n --> OT1/lmtt/m/n on input line 34.
LaTeX Font Info:    Overwriting math alphabet `\mathbf' in version `bold'
(Font)                  OT1/cmr/bx/n --> OT1/lmr/bx/n on input line 35.
LaTeX Font Info:    Overwriting math alphabet `\mathsf' in version `bold'
(Font)                  OT1/cmss/bx/n --> OT1/lmss/bx/n on input line 36.
LaTeX Font Info:    Overwriting math alphabet `\mathit' in version `bold'
(Font)                  OT1/cmr/bx/it --> OT1/lmr/bx/it on input line 37.
LaTeX Font Info:    Overwriting math alphabet `\mathtt' in version `bold'
(Font)                  OT1/cmtt/m/n --> OT1/lmtt/m/n on input line 38.
)
(/Users/lucas/Library/TinyTeX/texmf-dist/tex/latex/xcolor/xcolor.sty
Package: xcolor 2022/06/12 v2.14 LaTeX color extensions (UK)
 (/Users/lucas/Library/TinyTeX/texmf-dist/tex/latex/graphics-cfg/color.cfg
File: color.cfg 2016/01/02 v1.6 sample color configuration
)
Package xcolor Info: Driver file: luatex.def on input line 227.
 (/Users/lucas/Library/TinyTeX/texmf-dist/tex/latex/graphics/mathcolor.ltx)
Package xcolor Info: Model `cmy' substituted by `cmy0' on input line 1353.
Package xcolor Info: Model `hsb' substituted by `rgb' on input line 1357.
Package xcolor Info: Model `RGB' extended on input line 1369.
Package xcolor Info: Model `HTML' substituted by `rgb' on input line 1371.
Package xcolor Info: Model `Hsb' substituted by `hsb' on input line 1372.
Package xcolor Info: Model `tHsb' substituted by `hsb' on input line 1373.
Package xcolor Info: Model `HSB' substituted by `hsb' on input line 1374.
Package xcolor Info: Model `Gray' substituted by `gray' on input line 1375.
Package xcolor Info: Model `wave' substituted by `hsb' on input line 1376.
) (/Users/lucas/Library/TinyTeX/texmf-dist/tex/latex/fancyvrb/fancyvrb.sty
Package: fancyvrb 2023/01/19 4.5a verbatim text (tvz,hv)
\FV@CodeLineNo=\count289
\FV@InFile=\read2
\FV@TabBox=\box54
\c@FancyVerbLine=\count290
\FV@StepNumber=\count291
\FV@OutFile=\write3
) (/Users/lucas/Library/TinyTeX/texmf-dist/tex/lualatex/selnolig/selnolig.sty
=== Package selnolig, Version 0.302, Date 2015/10/26 ===
Package: selnolig 2015/10/26
(/Users/lucas/Library/TinyTeX/texmf-dist/tex/generic/iftex/ifluatex.sty
Package: ifluatex 2019/10/25 v1.5 ifluatex legacy package. Use iftex instead.
) (/Users/lucas/Library/TinyTeX/texmf-dist/tex/luatex/luatexbase/luatexbase.sty
Package: luatexbase 2015/10/04 v1.3 luatexbase interface to LuaTeX 
 (/Users/lucas/Library/TinyTeX/texmf-dist/tex/luatex/ctablestack/ctablestack.sty
Package: ctablestack 2015/10/01 v1.0 Catcode table stable support
\@catcodetablestackcnt=\count292
)
\CatcodeTableOther=\catcodetable14
\CatcodeTableExpl=\catcodetable15
)
Inserting `Suppress ligatures selectively' in `ligaturing'.) (/Users/lucas/Library/TinyTeX/texmf-dist/tex/latex/hyperref/hyperref.sty
Package: hyperref 2023-10-27 v7.01d Hypertext links for LaTeX
 (/Users/lucas/Library/TinyTeX/texmf-dist/tex/generic/ltxcmds/ltxcmds.sty
Package: ltxcmds 2020-05-10 v1.25 LaTeX kernel commands for general use (HO)
) (/Users/lucas/Library/TinyTeX/texmf-dist/tex/generic/pdftexcmds/pdftexcmds.sty
Package: pdftexcmds 2020-06-27 v0.33 Utility functions of pdfTeX for LuaTeX (HO)
 (/Users/lucas/Library/TinyTeX/texmf-dist/tex/generic/infwarerr/infwarerr.sty
Package: infwarerr 2019/12/03 v1.5 Providing info/warning/error messages (HO)
)
Package pdftexcmds Info: \pdf@primitive is available.
Package pdftexcmds Info: \pdf@ifprimitive is available.
Package pdftexcmds Info: \pdfdraftmode found.
\pdftexcmds@toks=\toks24
) (/Users/lucas/Library/TinyTeX/texmf-dist/tex/latex/kvsetkeys/kvsetkeys.sty
Package: kvsetkeys 2022-10-05 v1.19 Key value parser (HO)
) (/Users/lucas/Library/TinyTeX/texmf-dist/tex/generic/kvdefinekeys/kvdefinekeys.sty
Package: kvdefinekeys 2019-12-19 v1.6 Define keys (HO)
) (/Users/lucas/Library/TinyTeX/texmf-dist/tex/generic/pdfescape/pdfescape.sty
Package: pdfescape 2019/12/09 v1.15 Implements pdfTeX's escape features (HO)
) (/Users/lucas/Library/TinyTeX/texmf-dist/tex/latex/hycolor/hycolor.sty
Package: hycolor 2020-01-27 v1.10 Color options for hyperref/bookmark (HO)
) (/Users/lucas/Library/TinyTeX/texmf-dist/tex/latex/letltxmacro/letltxmacro.sty
Package: letltxmacro 2019/12/03 v1.6 Let assignment for LaTeX macros (HO)
) (/Users/lucas/Library/TinyTeX/texmf-dist/tex/latex/auxhook/auxhook.sty
Package: auxhook 2019-12-17 v1.6 Hooks for auxiliary files (HO)
) (/Users/lucas/Library/TinyTeX/texmf-dist/tex/latex/hyperref/nameref.sty
Package: nameref 2023-10-05 v2.54 Cross-referencing by name of section
 (/Users/lucas/Library/TinyTeX/texmf-dist/tex/latex/refcount/refcount.sty
Package: refcount 2019/12/15 v3.6 Data extraction from label references (HO)
) (/Users/lucas/Library/TinyTeX/texmf-dist/tex/generic/gettitlestring/gettitlestring.sty
Package: gettitlestring 2019/12/15 v1.6 Cleanup title references (HO)
 (/Users/lucas/Library/TinyTeX/texmf-dist/tex/latex/kvoptions/kvoptions.sty
Package: kvoptions 2022-06-15 v3.15 Key value format for package options (HO)
))
\c@section@level=\count293
)
\@linkdim=\dimen162
\Hy@linkcounter=\count294
\Hy@pagecounter=\count295
 (/Users/lucas/Library/TinyTeX/texmf-dist/tex/latex/hyperref/pd1enc.def
File: pd1enc.def 2023-10-27 v7.01d Hyperref: PDFDocEncoding definition (HO)
) (/Users/lucas/Library/TinyTeX/texmf-dist/tex/generic/intcalc/intcalc.sty
Package: intcalc 2019/12/15 v1.3 Expandable calculations with integers (HO)
)
\Hy@SavedSpaceFactor=\count296
 (/Users/lucas/Library/TinyTeX/texmf-dist/tex/latex/hyperref/puenc.def
File: puenc.def 2023-10-27 v7.01d Hyperref: PDF Unicode definition (HO)
)
Package hyperref Info: Option `unicode' set `true' on input line 4051.
Package hyperref Info: Hyper figures OFF on input line 4168.
Package hyperref Info: Link nesting OFF on input line 4173.
Package hyperref Info: Hyper index ON on input line 4176.
Package hyperref Info: Plain pages OFF on input line 4183.
Package hyperref Info: Backreferencing OFF on input line 4188.
Package hyperref Info: Implicit mode ON; LaTeX internals redefined.
Package hyperref Info: Bookmarks ON on input line 4435.
\c@Hy@tempcnt=\count297
 (/Users/lucas/Library/TinyTeX/texmf-dist/tex/latex/url/url.sty
\Urlmuskip=\muskip18
Package: url 2013/09/16  ver 3.4  Verb mode for urls, etc.
)
LaTeX Info: Redefining \url on input line 4773.
\XeTeXLinkMargin=\dimen163
 (/Users/lucas/Library/TinyTeX/texmf-dist/tex/generic/bitset/bitset.sty
Package: bitset 2019/12/09 v1.3 Handle bit-vector datatype (HO)
 (/Users/lucas/Library/TinyTeX/texmf-dist/tex/generic/bigintcalc/bigintcalc.sty
Package: bigintcalc 2019/12/15 v1.5 Expandable calculations on big integers (HO)
))
\Fld@menulength=\count298
\Field@Width=\dimen164
\Fld@charsize=\dimen165
Package hyperref Info: Hyper figures OFF on input line 6052.
Package hyperref Info: Link nesting OFF on input line 6057.
Package hyperref Info: Hyper index ON on input line 6060.
Package hyperref Info: backreferencing OFF on input line 6067.
Package hyperref Info: Link coloring OFF on input line 6072.
Package hyperref Info: Link coloring with OCG OFF on input line 6077.
Package hyperref Info: PDF/A mode OFF on input line 6082.
 (/Users/lucas/Library/TinyTeX/texmf-dist/tex/latex/base/atbegshi-ltx.sty
Package: atbegshi-ltx 2021/01/10 v1.0c Emulation of the original atbegshi
package with kernel methods
)
\Hy@abspage=\count299
\c@Item=\count300
\c@Hfootnote=\count301
)
Package hyperref Info: Driver (autodetected): hluatex.
 (/Users/lucas/Library/TinyTeX/texmf-dist/tex/latex/hyperref/hluatex.def
File: hluatex.def 2023-10-27 v7.01d Hyperref driver for luaTeX
 (/Users/lucas/Library/TinyTeX/texmf-dist/tex/generic/stringenc/stringenc.sty
Package: stringenc 2019/11/29 v1.12 Convert strings between diff. encodings (HO)
) (/Users/lucas/Library/TinyTeX/texmf-dist/tex/latex/base/atveryend-ltx.sty
Package: atveryend-ltx 2020/08/19 v1.0a Emulation of the original atveryend package
with kernel methods
)
\Fld@listcount=\count302
\c@bookmark@seq@number=\count303

(/Users/lucas/Library/TinyTeX/texmf-dist/tex/latex/rerunfilecheck/rerunfilecheck.sty
Package: rerunfilecheck 2022-07-10 v1.10 Rerun checks for auxiliary files (HO)
 (/Users/lucas/Library/TinyTeX/texmf-dist/tex/generic/uniquecounter/uniquecounter.sty
Package: uniquecounter 2019/12/15 v1.4 Provide unlimited unique counter (HO)
)
Package uniquecounter Info: New unique counter `rerunfilecheck' on input line 285.
)
\Hy@SectionHShift=\skip53
) ("/Users/lucas/Library/Mobile Documents/com~apple~CloudDocs/~~aa Study Materials/Grade 2 I/Learning/R for Data Science/Review of R/LaTeX/REVIEW_01/.texpadtmp/REVIEW_01.aux")
\openout1 = REVIEW_01.aux

LaTeX Font Info:    Checking defaults for OML/cmm/m/it on input line 112.
LaTeX Font Info:    ... okay on input line 112.
LaTeX Font Info:    Checking defaults for OMS/cmsy/m/n on input line 112.
LaTeX Font Info:    ... okay on input line 112.
LaTeX Font Info:    Checking defaults for OT1/cmr/m/n on input line 112.
LaTeX Font Info:    ... okay on input line 112.
LaTeX Font Info:    Checking defaults for T1/cmr/m/n on input line 112.
LaTeX Font Info:    ... okay on input line 112.
LaTeX Font Info:    Checking defaults for TS1/cmr/m/n on input line 112.
LaTeX Font Info:    ... okay on input line 112.
LaTeX Font Info:    Checking defaults for TU/lmr/m/n on input line 112.
LaTeX Font Info:    ... okay on input line 112.
LaTeX Font Info:    Checking defaults for OMX/cmex/m/n on input line 112.
LaTeX Font Info:    ... okay on input line 112.
LaTeX Font Info:    Checking defaults for U/cmr/m/n on input line 112.
LaTeX Font Info:    ... okay on input line 112.
LaTeX Font Info:    Checking defaults for PD1/pdf/m/n on input line 112.
LaTeX Font Info:    ... okay on input line 112.
LaTeX Font Info:    Checking defaults for PU/pdf/m/n on input line 112.
LaTeX Font Info:    ... okay on input line 112.

*geometry* driver: auto-detecting
*geometry* detected driver: luatex
*geometry* verbose mode - [ preamble ] result:
* driver: luatex
* paper: a4paper
* layout: <same size as paper>
* layoutoffset:(h,v)=(0.0pt,0.0pt)
* modes: 
* h-part:(L,W,R)=(79.6678pt, 438.17227pt, 79.6678pt)
* v-part:(T,H,B)=(85.35826pt, 688.5567pt, 71.13188pt)
* \paperwidth=597.50787pt
* \paperheight=845.04684pt
* \textwidth=438.17227pt
* \textheight=688.5567pt
* \oddsidemargin=7.39781pt
* \evensidemargin=7.39781pt
* \topmargin=-23.91173pt
* \headheight=12.0pt
* \headsep=25.0pt
* \topskip=10.0pt
* \footskip=30.0pt
* \marginparwidth=65.0pt
* \marginparsep=11.0pt
* \columnsep=10.0pt
* \skip\footins=9.0pt plus 4.0pt minus 2.0pt
* \hoffset=0.0pt
* \voffset=0.0pt
* \mag=1000
* \@twocolumnfalse
* \@twosidefalse
* \@mparswitchfalse
* \@reversemarginfalse
* (1in=72.27pt=25.4mm, 1cm=28.453pt)

(/Users/lucas/Library/TinyTeX/texmf-dist/tex/context/base/mkii/supp-pdf.mkii
[Loading MPS to PDF converter (version 2006.09.02).]
\scratchcounter=\count304
\scratchdimen=\dimen166
\scratchbox=\box55
\nofMPsegments=\count305
\nofMParguments=\count306
\everyMPshowfont=\toks25
\MPscratchCnt=\count307
\MPscratchDim=\dimen167
\MPnumerator=\count308
\makeMPintoPDFobject=\count309
\everyMPtoPDFconversion=\toks26
) (/Users/lucas/Library/TinyTeX/texmf-dist/tex/latex/epstopdf-pkg/epstopdf-base.sty
Package: epstopdf-base 2020-01-24 v2.11 Base part for package epstopdf
Package epstopdf-base Info: Redefining graphics rule for `.eps' on input line 485.
 (/Users/lucas/Library/TinyTeX/texmf-dist/tex/latex/latexconfig/epstopdf-sys.cfg
File: epstopdf-sys.cfg 2010/07/13 v1.3 Configuration of (r)epstopdf for TeX Live
))
LaTeX Font Info:    Overwriting math alphabet `\mathrm' in version `normal'
(Font)                  OT1/lmr/m/n --> TU/lmr/m/n on input line 112.
LaTeX Font Info:    Overwriting math alphabet `\mathit' in version `normal'
(Font)                  OT1/lmr/m/it --> TU/lmr/m/it on input line 112.
LaTeX Font Info:    Overwriting math alphabet `\mathbf' in version `normal'
(Font)                  OT1/lmr/bx/n --> TU/lmr/bx/n on input line 112.
LaTeX Font Info:    Overwriting math alphabet `\mathsf' in version `normal'
(Font)                  OT1/lmss/m/n --> TU/lmss/m/n on input line 112.
LaTeX Font Info:    Overwriting math alphabet `\mathsf' in version `bold'
(Font)                  OT1/lmss/bx/n --> TU/lmss/bx/n on input line 112.
LaTeX Font Info:    Overwriting math alphabet `\mathtt' in version `normal'
(Font)                  OT1/lmtt/m/n --> TU/lmtt/m/n on input line 112.
LaTeX Font Info:    Overwriting math alphabet `\mathtt' in version `bold'
(Font)                  OT1/lmtt/m/n --> TU/lmtt/bx/n on input line 112.

Package fontspec Info: latinmodern-math scale = 0.9999964596882403.


Package fontspec Info: latinmodern-math scale = 0.9999964596882403.


Package fontspec Info: latinmodern-math scale = 0.9999964596882403.


Package fontspec Info: Font family 'latinmodern-math.otf(0)' created for font
(fontspec)             'latinmodern-math.otf' with options
(fontspec)             [Scale=MatchLowercase,Renderer=Basic,BoldItalicFont={},ItalicFont={},SmallCapsFont={},Script=Math,RawFeature={mathfontdimen=xetex},BoldFont={latinmodern-math.otf}].
(fontspec)              
(fontspec)              This font family consists of the following NFSS
(fontspec)             series/shapes:
(fontspec)              
(fontspec)             - 'normal' (m/n) with NFSS spec.:
(fontspec)             <->s*[0.9999964596882403]"[latinmodern-math.otf]:mode=base;script=math;language=dflt;mathfontdimen=xetex;"
(fontspec)             - 'small caps'  (m/sc) with NFSS spec.: 
(fontspec)             - 'bold' (b/n) with NFSS spec.:
(fontspec)             <->s*[0.9999964596882403]"[latinmodern-math.otf]:mode=base;script=math;language=dflt;mathfontdimen=xetex;"
(fontspec)             - 'bold small caps'  (b/sc) with NFSS spec.: 

LaTeX Font Info:    Font shape `TU/latinmodern-math.otf(0)/m/n' will be
(Font)              scaled to size 10.0pt on input line 112.

Package fontspec Info: latinmodern-math scale = 0.9999964596882403.


Package fontspec Info: latinmodern-math scale = 0.9999964596882403.


Package fontspec Info: latinmodern-math scale = 0.9999964596882403.


Package fontspec Info: latinmodern-math scale = 0.9999964596882403.


Package fontspec Info: latinmodern-math scale = 0.9999964596882403.


Package fontspec Info: Font family 'latinmodern-math.otf(1)' created for font
(fontspec)             'latinmodern-math.otf' with options
(fontspec)             [Scale=MatchLowercase,Renderer=Basic,BoldItalicFont={},ItalicFont={},SmallCapsFont={},Script=Math,SizeFeatures={{Size=8.5-},{Size=6-8.5,Font=latinmodern-math.otf,Style=MathScript},{Size=-6,Font=latinmodern-math.otf,Style=MathScriptScript}},RawFeature={mathfontdimen=xetex},BoldFont={latinmodern-math.otf}].
(fontspec)              
(fontspec)              This font family consists of the following NFSS
(fontspec)             series/shapes:
(fontspec)              
(fontspec)             - 'normal' (m/n) with NFSS spec.:
(fontspec)             <8.5->s*[0.9999964596882403]"[latinmodern-math.otf]:mode=base;script=math;language=dflt;mathfontdimen=xetex;"<6-8.5>s*[0.9999964596882403]"[latinmodern-math.otf]:mode=base;script=math;language=dflt;mathfontdimen=xetex;+ssty=0;"<-6>s*[0.9999964596882403]"[latinmodern-math.otf]:mode=base;script=math;language=dflt;mathfontdimen=xetex;+ssty=1;"
(fontspec)             - 'small caps'  (m/sc) with NFSS spec.: 
(fontspec)             - 'bold' (b/n) with NFSS spec.:
(fontspec)             <->s*[0.9999964596882403]"[latinmodern-math.otf]:mode=base;script=math;language=dflt;mathfontdimen=xetex;"
(fontspec)             - 'bold small caps'  (b/sc) with NFSS spec.: 

LaTeX Font Info:    Font shape `TU/latinmodern-math.otf(1)/m/n' will be
(Font)              scaled to size 10.0pt on input line 112.
LaTeX Font Info:    Encoding `OT1' has changed to `TU' for symbol font
(Font)              `operators' in the math version `normal' on input line 112.
LaTeX Font Info:    Overwriting symbol font `operators' in version `normal'
(Font)                  OT1/lmr/m/n --> TU/latinmodern-math.otf(1)/m/n on input line 112.
LaTeX Font Info:    Encoding `OT1' has changed to `TU' for symbol font
(Font)              `operators' in the math version `bold' on input line 112.
LaTeX Font Info:    Overwriting symbol font `operators' in version `bold'
(Font)                  OT1/lmr/bx/n --> TU/latinmodern-math.otf(1)/b/n on input line 112.

Package fontspec Info: latinmodern-math scale = 0.9999964596882403.


Package fontspec Info: latinmodern-math scale = 0.9999964596882403.


Package fontspec Info: latinmodern-math scale = 0.9999964596882403.


Package fontspec Info: latinmodern-math scale = 0.9999964596882403.


Package fontspec Info: latinmodern-math scale = 0.9999964596882403.


Package fontspec Info: Font family 'latinmodern-math.otf(2)' created for font
(fontspec)             'latinmodern-math.otf' with options
(fontspec)             [Scale=MatchLowercase,Renderer=Basic,BoldItalicFont={},ItalicFont={},SmallCapsFont={},Script=Math,SizeFeatures={{Size=8.5-},{Size=6-8.5,Font=latinmodern-math.otf,Style=MathScript},{Size=-6,Font=latinmodern-math.otf,Style=MathScriptScript}},RawFeature={mathfontdimen=xetex},BoldFont={latinmodern-math.otf},RawFeature={mathfontdimen=tex2}].
(fontspec)              
(fontspec)              This font family consists of the following NFSS
(fontspec)             series/shapes:
(fontspec)              
(fontspec)             - 'normal' (m/n) with NFSS spec.:
(fontspec)             <8.5->s*[0.9999964596882403]"[latinmodern-math.otf]:mode=base;script=math;language=dflt;mathfontdimen=xetex;mathfontdimen=tex2;"<6-8.5>s*[0.9999964596882403]"[latinmodern-math.otf]:mode=base;script=math;language=dflt;mathfontdimen=xetex;mathfontdimen=tex2;+ssty=0;"<-6>s*[0.9999964596882403]"[latinmodern-math.otf]:mode=base;script=math;language=dflt;mathfontdimen=xetex;mathfontdimen=tex2;+ssty=1;"
(fontspec)             - 'small caps'  (m/sc) with NFSS spec.: 
(fontspec)             - 'bold' (b/n) with NFSS spec.:
(fontspec)             <->s*[0.9999964596882403]"[latinmodern-math.otf]:mode=base;script=math;language=dflt;mathfontdimen=xetex;mathfontdimen=tex2;"
(fontspec)             - 'bold small caps'  (b/sc) with NFSS spec.: 

LaTeX Font Info:    Encoding `OMS' has changed to `TU' for symbol font
(Font)              `symbols' in the math version `normal' on input line 112.
LaTeX Font Info:    Overwriting symbol font `symbols' in version `normal'
(Font)                  OMS/lmsy/m/n --> TU/latinmodern-math.otf(2)/m/n on input line 112.
LaTeX Font Info:    Encoding `OMS' has changed to `TU' for symbol font
(Font)              `symbols' in the math version `bold' on input line 112.
LaTeX Font Info:    Overwriting symbol font `symbols' in version `bold'
(Font)                  OMS/lmsy/b/n --> TU/latinmodern-math.otf(2)/b/n on input line 112.

Package fontspec Info: latinmodern-math scale = 0.9999964596882403.


Package fontspec Info: latinmodern-math scale = 0.9999964596882403.


Package fontspec Info: latinmodern-math scale = 0.9999964596882403.


Package fontspec Info: latinmodern-math scale = 0.9999964596882403.


Package fontspec Info: latinmodern-math scale = 0.9999964596882403.


Package fontspec Info: Font family 'latinmodern-math.otf(3)' created for font
(fontspec)             'latinmodern-math.otf' with options
(fontspec)             [Scale=MatchLowercase,Renderer=Basic,BoldItalicFont={},ItalicFont={},SmallCapsFont={},Script=Math,SizeFeatures={{Size=8.5-},{Size=6-8.5,Font=latinmodern-math.otf,Style=MathScript},{Size=-6,Font=latinmodern-math.otf,Style=MathScriptScript}},RawFeature={mathfontdimen=xetex},BoldFont={latinmodern-math.otf},RawFeature={mathfontdimen=tex3}].
(fontspec)              
(fontspec)              This font family consists of the following NFSS
(fontspec)             series/shapes:
(fontspec)              
(fontspec)             - 'normal' (m/n) with NFSS spec.:
(fontspec)             <8.5->s*[0.9999964596882403]"[latinmodern-math.otf]:mode=base;script=math;language=dflt;mathfontdimen=xetex;mathfontdimen=tex3;"<6-8.5>s*[0.9999964596882403]"[latinmodern-math.otf]:mode=base;script=math;language=dflt;mathfontdimen=xetex;mathfontdimen=tex3;+ssty=0;"<-6>s*[0.9999964596882403]"[latinmodern-math.otf]:mode=base;script=math;language=dflt;mathfontdimen=xetex;mathfontdimen=tex3;+ssty=1;"
(fontspec)             - 'small caps'  (m/sc) with NFSS spec.: 
(fontspec)             - 'bold' (b/n) with NFSS spec.:
(fontspec)             <->s*[0.9999964596882403]"[latinmodern-math.otf]:mode=base;script=math;language=dflt;mathfontdimen=xetex;mathfontdimen=tex3;"
(fontspec)             - 'bold small caps'  (b/sc) with NFSS spec.: 

LaTeX Font Info:    Encoding `OMX' has changed to `TU' for symbol font
(Font)              `largesymbols' in the math version `normal' on input line 112.
LaTeX Font Info:    Overwriting symbol font `largesymbols' in version `normal'
(Font)                  OMX/lmex/m/n --> TU/latinmodern-math.otf(3)/m/n on input line 112.
LaTeX Font Info:    Encoding `OMX' has changed to `TU' for symbol font
(Font)              `largesymbols' in the math version `bold' on input line 112.
LaTeX Font Info:    Overwriting symbol font `largesymbols' in version `bold'
(Font)                  OMX/lmex/m/n --> TU/latinmodern-math.otf(3)/b/n on input line 112.
LaTeX Font Info:    Font shape `TU/latinmodern-math.otf(1)/m/n' will be
(Font)              scaled to size 7.0pt on input line 112.
LaTeX Font Info:    Font shape `TU/latinmodern-math.otf(1)/m/n' will be
(Font)              scaled to size 5.0pt on input line 112.
LaTeX Font Info:    Trying to load font information for OML+lmm on input line 112.
 (/Users/lucas/Library/TinyTeX/texmf-dist/tex/latex/lm/omllmm.fd
File: omllmm.fd 2015/05/01 v1.6.1 Font defs for Latin Modern
)
LaTeX Font Info:    Font shape `TU/latinmodern-math.otf(2)/m/n' will be
(Font)              scaled to size 10.0pt on input line 112.
LaTeX Font Info:    Font shape `TU/latinmodern-math.otf(2)/m/n' will be
(Font)              scaled to size 7.0pt on input line 112.
LaTeX Font Info:    Font shape `TU/latinmodern-math.otf(2)/m/n' will be
(Font)              scaled to size 5.0pt on input line 112.
LaTeX Font Info:    Font shape `TU/latinmodern-math.otf(3)/m/n' will be
(Font)              scaled to size 10.0pt on input line 112.
LaTeX Font Info:    Font shape `TU/latinmodern-math.otf(3)/m/n' will be
(Font)              scaled to size 7.0pt on input line 112.
LaTeX Font Info:    Font shape `TU/latinmodern-math.otf(3)/m/n' will be
(Font)              scaled to size 5.0pt on input line 112.
LaTeX Font Info:    Trying to load font information for U+msa on input line 112.
 (/Users/lucas/Library/TinyTeX/texmf-dist/tex/latex/amsfonts/umsa.fd
File: umsa.fd 2013/01/14 v3.01 AMS symbols A
)
LaTeX Font Info:    Trying to load font information for U+msb on input line 112.
 (/Users/lucas/Library/TinyTeX/texmf-dist/tex/latex/amsfonts/umsb.fd
File: umsb.fd 2013/01/14 v3.01 AMS symbols B
)
Package hyperref Info: Link coloring OFF on input line 112.
 ("/Users/lucas/Library/Mobile Documents/com~apple~CloudDocs/~~aa Study Materials/Grade 2 I/Learning/R for Data Science/Review of R/LaTeX/REVIEW_01/.texpadtmp/REVIEW_01.out") ("/Users/lucas/Library/Mobile Documents/com~apple~CloudDocs/~~aa Study Materials/Grade 2 I/Learning/R for Data Science/Review of R/LaTeX/REVIEW_01/.texpadtmp/REVIEW_01.out")
\@outlinefile=\write4

\openout4 = REVIEW_01.out
 [1

{/Users/lucas/Library/TinyTeX/texmf-var/fonts/map/pdftex/updmap/pdftex.map}] [2]
</Users/lucas/Library/Mobile Documents/com~apple~CloudDocs/~~aa Study Materials/Grade 2 I/Learning/R for Data Science/Review of R/markdown/image/data-structures-overview.png, id=234, 326.1786pt x 275.8305pt>
File: /Users/lucas/Library/Mobile Documents/com~apple~CloudDocs/~~aa Study Materials/Grade 2 I/Learning/R for Data Science/Review of R/markdown/image/data-structures-overview.png Graphic file (type png)
<use /Users/lucas/Library/Mobile Documents/com~apple~CloudDocs/~~aa Study Materials/Grade 2 I/Learning/R for Data Science/Review of R/markdown/image/data-structures-overview.png>
Package luatex.def Info: /Users/lucas/Library/Mobile Documents/com~apple~CloudDocs/~~aa Study Materials/Grade 2 I/Learning/R for Data Science/Review of R/markdown/image/data-structures-overview.png  used on input line 360.
(luatex.def)             Requested size: 219.08614pt x 185.26843pt.
 [3</Users/lucas/Library/Mobile Documents/com~apple~CloudDocs/~~aa Study Materials/Grade 2 I/Learning/R for Data Science/Review of R/markdown/image/data-structures-overview.png>]
LaTeX Font Info:    Font shape `TU/lmtt/bx/n' in size <12> not available
(Font)              Font shape `TU/lmtt/b/n' tried instead on input line 387.
LaTeX Font Info:    Font shape `TU/lmtt/bx/n' in size <10> not available
(Font)              Font shape `TU/lmtt/b/n' tried instead on input line 391.
</Users/lucas/Library/Mobile Documents/com~apple~CloudDocs/~~aa Study Materials/Grade 2 I/Learning/R for Data Science/Review of R/markdown/image/Introduction of df.png, id=240, 720.6925pt x 178.6675pt>
File: /Users/lucas/Library/Mobile Documents/com~apple~CloudDocs/~~aa Study Materials/Grade 2 I/Learning/R for Data Science/Review of R/markdown/image/Introduction of df.png Graphic file (type png)
<use /Users/lucas/Library/Mobile Documents/com~apple~CloudDocs/~~aa Study Materials/Grade 2 I/Learning/R for Data Science/Review of R/markdown/image/Introduction of df.png>
Package luatex.def Info: /Users/lucas/Library/Mobile Documents/com~apple~CloudDocs/~~aa Study Materials/Grade 2 I/Learning/R for Data Science/Review of R/markdown/image/Introduction of df.png  used on input line 404.
(luatex.def)             Requested size: 350.53915pt x 86.9017pt.
 [4</Users/lucas/Library/Mobile Documents/com~apple~CloudDocs/~~aa Study Materials/Grade 2 I/Learning/R for Data Science/Review of R/markdown/image/Introduction of df.png>]
</Users/lucas/Library/Mobile Documents/com~apple~CloudDocs/~~aa Study Materials/Grade 2 I/Learning/R for Data Science/Review of R/markdown/image/Structure of mpg.png, id=252, 1217.54875pt x 388.45125pt>
File: /Users/lucas/Library/Mobile Documents/com~apple~CloudDocs/~~aa Study Materials/Grade 2 I/Learning/R for Data Science/Review of R/markdown/image/Structure of mpg.png Graphic file (type png)
<use /Users/lucas/Library/Mobile Documents/com~apple~CloudDocs/~~aa Study Materials/Grade 2 I/Learning/R for Data Science/Review of R/markdown/image/Structure of mpg.png>
Package luatex.def Info: /Users/lucas/Library/Mobile Documents/com~apple~CloudDocs/~~aa Study Materials/Grade 2 I/Learning/R for Data Science/Review of R/markdown/image/Structure of mpg.png  used on input line 455.
(luatex.def)             Requested size: 350.53915pt x 111.83594pt.
 [5</Users/lucas/Library/Mobile Documents/com~apple~CloudDocs/~~aa Study Materials/Grade 2 I/Learning/R for Data Science/Review of R/markdown/image/Structure of mpg.png>] [6
Missing character: There is no ℹ (U+2139) in font [lmmono10-italic]:!
] [7] [8
Missing character: There is no ℹ (U+2139) in font [lmmono10-italic]:!
] [9] [10]
Underfull \hbox (badness 1087) in paragraph at lines 965--967
[]\TU/lmr/m/n/10 Full doc-u-men-ta-tion of the pack-age is avail-able through https://www.rdoc-u-men-ta-
 []

[11]
Overfull \hbox (36.6377pt too wide) in paragraph at lines 1025--1026
[]\TU/lmr/m/n/10 More re-lated doc-u-ments can be found in https://r4ds.had.co.nz/data-import.html?q=file#writing-
 []

[12]
</Users/lucas/Library/Mobile Documents/com~apple~CloudDocs/~~aa Study Materials/Grade 2 I/Learning/R for Data Science/Review of R/markdown/image/r_sessions.png, id=310, 1037.8775pt x 362.35374pt>
File: /Users/lucas/Library/Mobile Documents/com~apple~CloudDocs/~~aa Study Materials/Grade 2 I/Learning/R for Data Science/Review of R/markdown/image/r_sessions.png Graphic file (type png)
<use /Users/lucas/Library/Mobile Documents/com~apple~CloudDocs/~~aa Study Materials/Grade 2 I/Learning/R for Data Science/Review of R/markdown/image/r_sessions.png>
Package luatex.def Info: /Users/lucas/Library/Mobile Documents/com~apple~CloudDocs/~~aa Study Materials/Grade 2 I/Learning/R for Data Science/Review of R/markdown/image/r_sessions.png  used on input line 1147.
(luatex.def)             Requested size: 219.08614pt x 76.48909pt.
</Users/lucas/Library/Mobile Documents/com~apple~CloudDocs/~~aa Study Materials/Grade 2 I/Learning/R for Data Science/Review of R/markdown/image/r_session_in_rstudio.png, id=311, 1091.07625pt x 555.07375pt>
File: /Users/lucas/Library/Mobile Documents/com~apple~CloudDocs/~~aa Study Materials/Grade 2 I/Learning/R for Data Science/Review of R/markdown/image/r_session_in_rstudio.png Graphic file (type png)
<use /Users/lucas/Library/Mobile Documents/com~apple~CloudDocs/~~aa Study Materials/Grade 2 I/Learning/R for Data Science/Review of R/markdown/image/r_session_in_rstudio.png>
Package luatex.def Info: /Users/lucas/Library/Mobile Documents/com~apple~CloudDocs/~~aa Study Materials/Grade 2 I/Learning/R for Data Science/Review of R/markdown/image/r_session_in_rstudio.png  used on input line 1151.
(luatex.def)             Requested size: 219.08614pt x 111.4532pt.
</Users/lucas/Library/Mobile Documents/com~apple~CloudDocs/~~aa Study Materials/Grade 2 I/Learning/R for Data Science/Review of R/markdown/image/image-20231202111619635.png, id=312, 1686.3pt x 1053.9375pt>
File: /Users/lucas/Library/Mobile Documents/com~apple~CloudDocs/~~aa Study Materials/Grade 2 I/Learning/R for Data Science/Review of R/markdown/image/image-20231202111619635.png Graphic file (type png)
<use /Users/lucas/Library/Mobile Documents/com~apple~CloudDocs/~~aa Study Materials/Grade 2 I/Learning/R for Data Science/Review of R/markdown/image/image-20231202111619635.png>
Package luatex.def Info: /Users/lucas/Library/Mobile Documents/com~apple~CloudDocs/~~aa Study Materials/Grade 2 I/Learning/R for Data Science/Review of R/markdown/image/image-20231202111619635.png  used on input line 1157.
(luatex.def)             Requested size: 219.08614pt x 136.9202pt.
 [13</Users/lucas/Library/Mobile Documents/com~apple~CloudDocs/~~aa Study Materials/Grade 2 I/Learning/R for Data Science/Review of R/markdown/image/r_sessions.png></Users/lucas/Library/Mobile Documents/com~apple~CloudDocs/~~aa Study Materials/Grade 2 I/Learning/R for Data Science/Review of R/markdown/image/r_session_in_rstudio.png>]
</Users/lucas/Library/Mobile Documents/com~apple~CloudDocs/~~aa Study Materials/Grade 2 I/Learning/R for Data Science/Review of R/markdown/image/rstudio_create_new_project.png, id=322, 431.211pt x 142.131pt>
File: /Users/lucas/Library/Mobile Documents/com~apple~CloudDocs/~~aa Study Materials/Grade 2 I/Learning/R for Data Science/Review of R/markdown/image/rstudio_create_new_project.png Graphic file (type png)
<use /Users/lucas/Library/Mobile Documents/com~apple~CloudDocs/~~aa Study Materials/Grade 2 I/Learning/R for Data Science/Review of R/markdown/image/rstudio_create_new_project.png>
Package luatex.def Info: /Users/lucas/Library/Mobile Documents/com~apple~CloudDocs/~~aa Study Materials/Grade 2 I/Learning/R for Data Science/Review of R/markdown/image/rstudio_create_new_project.png  used on input line 1173.
(luatex.def)             Requested size: 219.08614pt x 72.21257pt.
</Users/lucas/Library/Mobile Documents/com~apple~CloudDocs/~~aa Study Materials/Grade 2 I/Learning/R for Data Science/Review of R/markdown/image/rstudio_create_project_2.png, id=323, 256.7994pt x 182.6022pt>
File: /Users/lucas/Library/Mobile Documents/com~apple~CloudDocs/~~aa Study Materials/Grade 2 I/Learning/R for Data Science/Review of R/markdown/image/rstudio_create_project_2.png Graphic file (type png)
<use /Users/lucas/Library/Mobile Documents/com~apple~CloudDocs/~~aa Study Materials/Grade 2 I/Learning/R for Data Science/Review of R/markdown/image/rstudio_create_project_2.png>
Package luatex.def Info: /Users/lucas/Library/Mobile Documents/com~apple~CloudDocs/~~aa Study Materials/Grade 2 I/Learning/R for Data Science/Review of R/markdown/image/rstudio_create_project_2.png  used on input line 1177.
(luatex.def)             Requested size: 219.08614pt x 155.78656pt.
</Users/lucas/Library/Mobile Documents/com~apple~CloudDocs/~~aa Study Materials/Grade 2 I/Learning/R for Data Science/Review of R/markdown/image/rstudio_create_new_project_3.png, id=324, 552.0625pt x 204.765pt>
File: /Users/lucas/Library/Mobile Documents/com~apple~CloudDocs/~~aa Study Materials/Grade 2 I/Learning/R for Data Science/Review of R/markdown/image/rstudio_create_new_project_3.png Graphic file (type png)
<use /Users/lucas/Library/Mobile Documents/com~apple~CloudDocs/~~aa Study Materials/Grade 2 I/Learning/R for Data Science/Review of R/markdown/image/rstudio_create_new_project_3.png>
Package luatex.def Info: /Users/lucas/Library/Mobile Documents/com~apple~CloudDocs/~~aa Study Materials/Grade 2 I/Learning/R for Data Science/Review of R/markdown/image/rstudio_create_new_project_3.png  used on input line 1181.
(luatex.def)             Requested size: 219.08614pt x 81.2609pt.
 [14</Users/lucas/Library/Mobile Documents/com~apple~CloudDocs/~~aa Study Materials/Grade 2 I/Learning/R for Data Science/Review of R/markdown/image/image-20231202111619635.png></Users/lucas/Library/Mobile Documents/com~apple~CloudDocs/~~aa Study Materials/Grade 2 I/Learning/R for Data Science/Review of R/markdown/image/rstudio_create_new_project.png></Users/lucas/Library/Mobile Documents/com~apple~CloudDocs/~~aa Study Materials/Grade 2 I/Learning/R for Data Science/Review of R/markdown/image/rstudio_create_project_2.png></Users/lucas/Library/Mobile Documents/com~apple~CloudDocs/~~aa Study Materials/Grade 2 I/Learning/R for Data Science/Review of R/markdown/image/rstudio_create_new_project_3.png>]
</Users/lucas/Library/Mobile Documents/com~apple~CloudDocs/~~aa Study Materials/Grade 2 I/Learning/R for Data Science/Review of R/markdown/image/rstudio_enviroment_window.png, id=335, 687.56876pt x 394.47375pt>
File: /Users/lucas/Library/Mobile Documents/com~apple~CloudDocs/~~aa Study Materials/Grade 2 I/Learning/R for Data Science/Review of R/markdown/image/rstudio_enviroment_window.png Graphic file (type png)
<use /Users/lucas/Library/Mobile Documents/com~apple~CloudDocs/~~aa Study Materials/Grade 2 I/Learning/R for Data Science/Review of R/markdown/image/rstudio_enviroment_window.png>
Package luatex.def Info: /Users/lucas/Library/Mobile Documents/com~apple~CloudDocs/~~aa Study Materials/Grade 2 I/Learning/R for Data Science/Review of R/markdown/image/rstudio_enviroment_window.png  used on input line 1207.
(luatex.def)             Requested size: 219.08614pt x 125.69244pt.
 [15</Users/lucas/Library/Mobile Documents/com~apple~CloudDocs/~~aa Study Materials/Grade 2 I/Learning/R for Data Science/Review of R/markdown/image/rstudio_enviroment_window.png>]
</Users/lucas/Library/Mobile Documents/com~apple~CloudDocs/~~aa Study Materials/Grade 2 I/Learning/R for Data Science/Review of R/markdown/image/Rstudio_close_a_project.png, id=345, 1168.365pt x 179.67125pt>
File: /Users/lucas/Library/Mobile Documents/com~apple~CloudDocs/~~aa Study Materials/Grade 2 I/Learning/R for Data Science/Review of R/markdown/image/Rstudio_close_a_project.png Graphic file (type png)
<use /Users/lucas/Library/Mobile Documents/com~apple~CloudDocs/~~aa Study Materials/Grade 2 I/Learning/R for Data Science/Review of R/markdown/image/Rstudio_close_a_project.png>
Package luatex.def Info: /Users/lucas/Library/Mobile Documents/com~apple~CloudDocs/~~aa Study Materials/Grade 2 I/Learning/R for Data Science/Review of R/markdown/image/Rstudio_close_a_project.png  used on input line 1261.
(luatex.def)             Requested size: 219.08614pt x 33.69101pt.
</Users/lucas/Library/Mobile Documents/com~apple~CloudDocs/~~aa Study Materials/Grade 2 I/Learning/R for Data Science/Review of R/markdown/image/rstudio_project_options.png, id=346, 548.0475pt x 265.99374pt>
File: /Users/lucas/Library/Mobile Documents/com~apple~CloudDocs/~~aa Study Materials/Grade 2 I/Learning/R for Data Science/Review of R/markdown/image/rstudio_project_options.png Graphic file (type png)
<use /Users/lucas/Library/Mobile Documents/com~apple~CloudDocs/~~aa Study Materials/Grade 2 I/Learning/R for Data Science/Review of R/markdown/image/rstudio_project_options.png>
Package luatex.def Info: /Users/lucas/Library/Mobile Documents/com~apple~CloudDocs/~~aa Study Materials/Grade 2 I/Learning/R for Data Science/Review of R/markdown/image/rstudio_project_options.png  used on input line 1265.
(luatex.def)             Requested size: 219.08614pt x 106.33472pt.
</Users/lucas/Library/Mobile Documents/com~apple~CloudDocs/~~aa Study Materials/Grade 2 I/Learning/R for Data Science/Review of R/markdown/image/pycharm_project_options.png, id=347, 1000.73875pt x 718.685pt>
File: /Users/lucas/Library/Mobile Documents/com~apple~CloudDocs/~~aa Study Materials/Grade 2 I/Learning/R for Data Science/Review of R/markdown/image/pycharm_project_options.png Graphic file (type png)
<use /Users/lucas/Library/Mobile Documents/com~apple~CloudDocs/~~aa Study Materials/Grade 2 I/Learning/R for Data Science/Review of R/markdown/image/pycharm_project_options.png>
Package luatex.def Info: /Users/lucas/Library/Mobile Documents/com~apple~CloudDocs/~~aa Study Materials/Grade 2 I/Learning/R for Data Science/Review of R/markdown/image/pycharm_project_options.png  used on input line 1272.
(luatex.def)             Requested size: 219.08614pt x 157.33258pt.
</Users/lucas/Library/Mobile Documents/com~apple~CloudDocs/~~aa Study Materials/Grade 2 I/Learning/R for Data Science/Review of R/markdown/image/rstudio_open_a_project.png, id=348, 508.90125pt x 269.005pt>
File: /Users/lucas/Library/Mobile Documents/com~apple~CloudDocs/~~aa Study Materials/Grade 2 I/Learning/R for Data Science/Review of R/markdown/image/rstudio_open_a_project.png Graphic file (type png)
<use /Users/lucas/Library/Mobile Documents/com~apple~CloudDocs/~~aa Study Materials/Grade 2 I/Learning/R for Data Science/Review of R/markdown/image/rstudio_open_a_project.png>
Package luatex.def Info: /Users/lucas/Library/Mobile Documents/com~apple~CloudDocs/~~aa Study Materials/Grade 2 I/Learning/R for Data Science/Review of R/markdown/image/rstudio_open_a_project.png  used on input line 1288.
(luatex.def)             Requested size: 219.08614pt x 115.80945pt.
 [16</Users/lucas/Library/Mobile Documents/com~apple~CloudDocs/~~aa Study Materials/Grade 2 I/Learning/R for Data Science/Review of R/markdown/image/Rstudio_close_a_project.png></Users/lucas/Library/Mobile Documents/com~apple~CloudDocs/~~aa Study Materials/Grade 2 I/Learning/R for Data Science/Review of R/markdown/image/rstudio_project_options.png></Users/lucas/Library/Mobile Documents/com~apple~CloudDocs/~~aa Study Materials/Grade 2 I/Learning/R for Data Science/Review of R/markdown/image/pycharm_project_options.png></Users/lucas/Library/Mobile Documents/com~apple~CloudDocs/~~aa Study Materials/Grade 2 I/Learning/R for Data Science/Review of R/markdown/image/rstudio_open_a_project.png>] [17
Missing character: There is no ℹ (U+2139) in font [lmmono10-italic]:!
]
</Users/lucas/Library/Mobile Documents/com~apple~CloudDocs/~~aa Study Materials/Grade 2 I/Learning/R for Data Science/Review of R/markdown/image/image-20231202114121080.png, id=362, 262.9825pt x 327.2225pt>
File: /Users/lucas/Library/Mobile Documents/com~apple~CloudDocs/~~aa Study Materials/Grade 2 I/Learning/R for Data Science/Review of R/markdown/image/image-20231202114121080.png Graphic file (type png)
<use /Users/lucas/Library/Mobile Documents/com~apple~CloudDocs/~~aa Study Materials/Grade 2 I/Learning/R for Data Science/Review of R/markdown/image/image-20231202114121080.png>
Package luatex.def Info: /Users/lucas/Library/Mobile Documents/com~apple~CloudDocs/~~aa Study Materials/Grade 2 I/Learning/R for Data Science/Review of R/markdown/image/image-20231202114121080.png  used on input line 1378.
(luatex.def)             Requested size: 87.6331pt x 109.03728pt.
</Users/lucas/Library/Mobile Documents/com~apple~CloudDocs/~~aa Study Materials/Grade 2 I/Learning/R for Data Science/Review of R/markdown/image/image-20231202114937281.png, id=363, 269.005pt x 199.74625pt>
File: /Users/lucas/Library/Mobile Documents/com~apple~CloudDocs/~~aa Study Materials/Grade 2 I/Learning/R for Data Science/Review of R/markdown/image/image-20231202114937281.png Graphic file (type png)
<use /Users/lucas/Library/Mobile Documents/com~apple~CloudDocs/~~aa Study Materials/Grade 2 I/Learning/R for Data Science/Review of R/markdown/image/image-20231202114937281.png>
Package luatex.def Info: /Users/lucas/Library/Mobile Documents/com~apple~CloudDocs/~~aa Study Materials/Grade 2 I/Learning/R for Data Science/Review of R/markdown/image/image-20231202114937281.png  used on input line 1395.
(luatex.def)             Requested size: 87.6331pt x 65.06915pt.
 [18</Users/lucas/Library/Mobile Documents/com~apple~CloudDocs/~~aa Study Materials/Grade 2 I/Learning/R for Data Science/Review of R/markdown/image/image-20231202114121080.png></Users/lucas/Library/Mobile Documents/com~apple~CloudDocs/~~aa Study Materials/Grade 2 I/Learning/R for Data Science/Review of R/markdown/image/image-20231202114937281.png>]
</Users/lucas/Library/Mobile Documents/com~apple~CloudDocs/~~aa Study Materials/Grade 2 I/Learning/R for Data Science/Review of R/markdown/image/response_barplot.png, id=371, 289.08pt x 289.08pt>
File: /Users/lucas/Library/Mobile Documents/com~apple~CloudDocs/~~aa Study Materials/Grade 2 I/Learning/R for Data Science/Review of R/markdown/image/response_barplot.png Graphic file (type png)
<use /Users/lucas/Library/Mobile Documents/com~apple~CloudDocs/~~aa Study Materials/Grade 2 I/Learning/R for Data Science/Review of R/markdown/image/response_barplot.png>
Package luatex.def Info: /Users/lucas/Library/Mobile Documents/com~apple~CloudDocs/~~aa Study Materials/Grade 2 I/Learning/R for Data Science/Review of R/markdown/image/response_barplot.png  used on input line 1435.
(luatex.def)             Requested size: 131.45302pt x 131.4522pt.
</Users/lucas/Library/Mobile Documents/com~apple~CloudDocs/~~aa Study Materials/Grade 2 I/Learning/R for Data Science/Review of R/markdown/image/response_barplot2.png, id=372, 289.08pt x 289.08pt>
File: /Users/lucas/Library/Mobile Documents/com~apple~CloudDocs/~~aa Study Materials/Grade 2 I/Learning/R for Data Science/Review of R/markdown/image/response_barplot2.png Graphic file (type png)
<use /Users/lucas/Library/Mobile Documents/com~apple~CloudDocs/~~aa Study Materials/Grade 2 I/Learning/R for Data Science/Review of R/markdown/image/response_barplot2.png>
Package luatex.def Info: /Users/lucas/Library/Mobile Documents/com~apple~CloudDocs/~~aa Study Materials/Grade 2 I/Learning/R for Data Science/Review of R/markdown/image/response_barplot2.png  used on input line 1464.
(luatex.def)             Requested size: 131.45302pt x 131.4522pt.
 [19</Users/lucas/Library/Mobile Documents/com~apple~CloudDocs/~~aa Study Materials/Grade 2 I/Learning/R for Data Science/Review of R/markdown/image/response_barplot.png></Users/lucas/Library/Mobile Documents/com~apple~CloudDocs/~~aa Study Materials/Grade 2 I/Learning/R for Data Science/Review of R/markdown/image/response_barplot2.png>]
</Users/lucas/Library/Mobile Documents/com~apple~CloudDocs/~~aa Study Materials/Grade 2 I/Learning/R for Data Science/Review of R/markdown/image/image-20231202134409231.png, id=377, 245.91875pt x 54.2025pt>
File: /Users/lucas/Library/Mobile Documents/com~apple~CloudDocs/~~aa Study Materials/Grade 2 I/Learning/R for Data Science/Review of R/markdown/image/image-20231202134409231.png Graphic file (type png)
<use /Users/lucas/Library/Mobile Documents/com~apple~CloudDocs/~~aa Study Materials/Grade 2 I/Learning/R for Data Science/Review of R/markdown/image/image-20231202134409231.png>
Package luatex.def Info: /Users/lucas/Library/Mobile Documents/com~apple~CloudDocs/~~aa Study Materials/Grade 2 I/Learning/R for Data Science/Review of R/markdown/image/image-20231202134409231.png  used on input line 1479.
(luatex.def)             Requested size: 131.45302pt x 28.97447pt.
</Users/lucas/Library/Mobile Documents/com~apple~CloudDocs/~~aa Study Materials/Grade 2 I/Learning/R for Data Science/Review of R/markdown/image/image-20231202135555790.png, id=379, 508.90125pt x 188.705pt>
File: /Users/lucas/Library/Mobile Documents/com~apple~CloudDocs/~~aa Study Materials/Grade 2 I/Learning/R for Data Science/Review of R/markdown/image/image-20231202135555790.png Graphic file (type png)
<use /Users/lucas/Library/Mobile Documents/com~apple~CloudDocs/~~aa Study Materials/Grade 2 I/Learning/R for Data Science/Review of R/markdown/image/image-20231202135555790.png>
Package luatex.def Info: /Users/lucas/Library/Mobile Documents/com~apple~CloudDocs/~~aa Study Materials/Grade 2 I/Learning/R for Data Science/Review of R/markdown/image/image-20231202135555790.png  used on input line 1537.
(luatex.def)             Requested size: 197.17618pt x 73.11378pt.
 [20</Users/lucas/Library/Mobile Documents/com~apple~CloudDocs/~~aa Study Materials/Grade 2 I/Learning/R for Data Science/Review of R/markdown/image/image-20231202134409231.png></Users/lucas/Library/Mobile Documents/com~apple~CloudDocs/~~aa Study Materials/Grade 2 I/Learning/R for Data Science/Review of R/markdown/image/image-20231202135555790.png>]
</Users/lucas/Library/Mobile Documents/com~apple~CloudDocs/~~aa Study Materials/Grade 2 I/Learning/R for Data Science/Review of R/markdown/image/image-20231202135803901.png, id=389, 1474.50874pt x 251.94125pt>
File: /Users/lucas/Library/Mobile Documents/com~apple~CloudDocs/~~aa Study Materials/Grade 2 I/Learning/R for Data Science/Review of R/markdown/image/image-20231202135803901.png Graphic file (type png)
<use /Users/lucas/Library/Mobile Documents/com~apple~CloudDocs/~~aa Study Materials/Grade 2 I/Learning/R for Data Science/Review of R/markdown/image/image-20231202135803901.png>
Package luatex.def Info: /Users/lucas/Library/Mobile Documents/com~apple~CloudDocs/~~aa Study Materials/Grade 2 I/Learning/R for Data Science/Review of R/markdown/image/image-20231202135803901.png  used on input line 1555.
(luatex.def)             Requested size: 350.53915pt x 59.89432pt.
</Users/lucas/Library/Mobile Documents/com~apple~CloudDocs/~~aa Study Materials/Grade 2 I/Learning/R for Data Science/Review of R/markdown/image/mouse_gene_plot01.png, id=390, 2077.7625pt x 1126.2075pt>
File: /Users/lucas/Library/Mobile Documents/com~apple~CloudDocs/~~aa Study Materials/Grade 2 I/Learning/R for Data Science/Review of R/markdown/image/mouse_gene_plot01.png Graphic file (type png)
<use /Users/lucas/Library/Mobile Documents/com~apple~CloudDocs/~~aa Study Materials/Grade 2 I/Learning/R for Data Science/Review of R/markdown/image/mouse_gene_plot01.png>
Package luatex.def Info: /Users/lucas/Library/Mobile Documents/com~apple~CloudDocs/~~aa Study Materials/Grade 2 I/Learning/R for Data Science/Review of R/markdown/image/mouse_gene_plot01.png  used on input line 1560.
(luatex.def)             Requested size: 350.53915pt x 189.99205pt.
</Users/lucas/Library/Mobile Documents/com~apple~CloudDocs/~~aa Study Materials/Grade 2 I/Learning/R for Data Science/Review of R/markdown/image/image-20231202141212937.png, id=391, 558.085pt x 111.41624pt>
File: /Users/lucas/Library/Mobile Documents/com~apple~CloudDocs/~~aa Study Materials/Grade 2 I/Learning/R for Data Science/Review of R/markdown/image/image-20231202141212937.png Graphic file (type png)
<use /Users/lucas/Library/Mobile Documents/com~apple~CloudDocs/~~aa Study Materials/Grade 2 I/Learning/R for Data Science/Review of R/markdown/image/image-20231202141212937.png>
Package luatex.def Info: /Users/lucas/Library/Mobile Documents/com~apple~CloudDocs/~~aa Study Materials/Grade 2 I/Learning/R for Data Science/Review of R/markdown/image/image-20231202141212937.png  used on input line 1573.
(luatex.def)             Requested size: 219.08614pt x 43.73776pt.
</Users/lucas/Library/Mobile Documents/com~apple~CloudDocs/~~aa Study Materials/Grade 2 I/Learning/R for Data Science/Review of R/markdown/image/mouse_gene_plot02.png, id=392, 770.88pt x 216.81pt>
File: /Users/lucas/Library/Mobile Documents/com~apple~CloudDocs/~~aa Study Materials/Grade 2 I/Learning/R for Data Science/Review of R/markdown/image/mouse_gene_plot02.png Graphic file (type png)
<use /Users/lucas/Library/Mobile Documents/com~apple~CloudDocs/~~aa Study Materials/Grade 2 I/Learning/R for Data Science/Review of R/markdown/image/mouse_gene_plot02.png>
Package luatex.def Info: /Users/lucas/Library/Mobile Documents/com~apple~CloudDocs/~~aa Study Materials/Grade 2 I/Learning/R for Data Science/Review of R/markdown/image/mouse_gene_plot02.png  used on input line 1577.
(luatex.def)             Requested size: 350.53915pt x 98.58914pt.
 [21</Users/lucas/Library/Mobile Documents/com~apple~CloudDocs/~~aa Study Materials/Grade 2 I/Learning/R for Data Science/Review of R/markdown/image/image-20231202135803901.png></Users/lucas/Library/Mobile Documents/com~apple~CloudDocs/~~aa Study Materials/Grade 2 I/Learning/R for Data Science/Review of R/markdown/image/mouse_gene_plot01.png></Users/lucas/Library/Mobile Documents/com~apple~CloudDocs/~~aa Study Materials/Grade 2 I/Learning/R for Data Science/Review of R/markdown/image/image-20231202141212937.png></Users/lucas/Library/Mobile Documents/com~apple~CloudDocs/~~aa Study Materials/Grade 2 I/Learning/R for Data Science/Review of R/markdown/image/mouse_gene_plot02.png>]
</Users/lucas/Library/Mobile Documents/com~apple~CloudDocs/~~aa Study Materials/Grade 2 I/Learning/R for Data Science/Review of R/markdown/image/mouse_gene_plot03.png, id=401, 404.712pt x 252.945pt>
File: /Users/lucas/Library/Mobile Documents/com~apple~CloudDocs/~~aa Study Materials/Grade 2 I/Learning/R for Data Science/Review of R/markdown/image/mouse_gene_plot03.png Graphic file (type png)
<use /Users/lucas/Library/Mobile Documents/com~apple~CloudDocs/~~aa Study Materials/Grade 2 I/Learning/R for Data Science/Review of R/markdown/image/mouse_gene_plot03.png>
Package luatex.def Info: /Users/lucas/Library/Mobile Documents/com~apple~CloudDocs/~~aa Study Materials/Grade 2 I/Learning/R for Data Science/Review of R/markdown/image/mouse_gene_plot03.png  used on input line 1635.
(luatex.def)             Requested size: 219.08614pt x 136.9279pt.
 [22] [23</Users/lucas/Library/Mobile Documents/com~apple~CloudDocs/~~aa Study Materials/Grade 2 I/Learning/R for Data Science/Review of R/markdown/image/mouse_gene_plot03.png>]
("/Users/lucas/Library/Mobile Documents/com~apple~CloudDocs/~~aa Study Materials/Grade 2 I/Learning/R for Data Science/Review of R/LaTeX/REVIEW_01/.texpadtmp/REVIEW_01.aux")
 ***********
LaTeX2e <2023-11-01>
L3 programming layer <2023-11-01>
 ***********
Package rerunfilecheck Info: File `REVIEW_01.out' has not changed.
(rerunfilecheck)             Checksum: BD6441F3BEE1A50E3266900D5C04BAA7;10330.
)

Here is how much of LuaTeX's memory you used:
 18413 strings out of 476603
 125027,1977958 words of node,token memory allocated
 512 words of node memory still in use:
   6 hlist, 2 vlist, 2 rule, 2 glue, 4 kern, 1 glyph, 7 attribute, 56 glue_spec, 7 attribute_list, 1 write, 1 user_defined nodes
   avail lists: 1:1,2:914,3:324,4:288,5:564,6:66,7:5879,9:357,10:5,11:392
 39867 multiletter control sequences out of 65536+600000
 47 fonts using 11937767 bytes
 90i,6n,120p,453b,545s stack positions out of 10000i,1000n,20000p,200000b,200000s
</Users/lucas/Library/TinyTeX/texmf-dist/fonts/opentype/public/lm/lmroman10-italic.otf></Users/lucas/Library/TinyTeX/texmf-dist/fonts/opentype/public/lm/lmmonolt10-bold.otf></Users/lucas/Library/TinyTeX/texmf-dist/fonts/opentype/public/lm/lmmono10-italic.otf></Users/lucas/Library/TinyTeX/texmf-dist/fonts/opentype/public/lm/lmmono10-regular.otf></Users/lucas/Library/TinyTeX/texmf-dist/fonts/opentype/public/lm/lmroman10-regular.otf></Users/lucas/Library/TinyTeX/texmf-dist/fonts/opentype/public/lm/lmroman10-bold.otf></Users/lucas/Library/TinyTeX/texmf-dist/fonts/opentype/public/lm/lmroman12-bold.otf>
Output written on REVIEW_01.pdf (23 pages, 4699087 bytes).

PDF statistics: 465 PDF objects out of 1000 (max. 8388607)
 373 compressed objects within 4 object streams
 130 named destinations out of 1000 (max. 131072)
 409 words of extra memory for PDF output out of 10000 (max. 100000000)

