This is XeTeX, Version 3.141592653-2.6-0.999995 (TeX Live 2023) (preloaded format=xelatex 2023.11.6)  3 DEC 2023 21:07
entering extended mode
 restricted \write18 enabled.
 file:line:error style messages enabled.
 %&-line parsing enabled.
**"/Users/lucas/Library/Mobile Documents/com~apple~CloudDocs/~~aa Study Materials/Grade 2 I/Learning/R for Data Science/Review of R/LaTeX/REVIEW_01/REVIEW_01"

! Emergency stop.
<to be read again> 
                   \protect 
<*> "/Users/lucas/Library/Mobile Documents/com~
                                               apple~CloudDocs/~~aa Study Ma...
*** (job aborted, file error in nonstop mode)

 
Here is how much of TeX's memory you used:
 3 strings out of 476928
 51 string characters out of 5805588
 1916161 words of memory out of 5000000
 21969 multiletter control sequences out of 15000+600000
 558069 words of font info for 36 fonts, out of 8000000 for 9000
 14 hyphenation exceptions out of 8191
 2i,0n,0p,1b,6s stack positions out of 10000i,1000n,20000p,200000b,200000s
No pages of output.
